<?xml version="1.0" encoding="UTF-8"?>
<!-- Generated by org.testng.reporters.JUnitReportReporter -->
<testsuite skipped="0" hostname="Khopi-96" name="testNG.ParallelTesting" tests="2" failures="0" timestamp="2020-01-18T12:28:33 IST" time="50.627" errors="0">
  <testcase name="openGoogle" time="25.138" classname="testNG.ParallelTesting"/>
  <testcase name="openBing" time="25.489" classname="testNG.ParallelTesting"/>
</testsuite> <!-- testNG.ParallelTesting -->
