<?xml version="1.0" encoding="UTF-8"?>
<!-- Generated by org.testng.reporters.JUnitReportReporter -->
<testsuite skipped="0" hostname="Khopi-96" name="testNG.GroupingExample" tests="4" failures="0" timestamp="2020-01-18T04:23:16 IST" time="0.013" errors="0">
  <testcase name="lenova1" time="0.009" classname="testNG.GroupingExample"/>
  <testcase name="vivo1" time="0.001" classname="testNG.GroupingExample"/>
  <testcase name="lenova2" time="0.002" classname="testNG.GroupingExample"/>
  <testcase name="vivo2" time="0.001" classname="testNG.GroupingExample"/>
</testsuite> <!-- testNG.GroupingExample -->
