<?xml version="1.0" encoding="UTF-8"?>
<!-- Generated by org.testng.reporters.JUnitReportReporter -->
<testsuite skipped="0" hostname="Khopi-96" name="testNG.SampleTestCase" tests="1" failures="0" timestamp="2020-01-18T23:29:14 IST" time="0.011" errors="0">
  <testcase name="firstTestCase" time="0.011" classname="testNG.SampleTestCase"/>
</testsuite> <!-- testNG.SampleTestCase -->
