<?xml version="1.0" encoding="UTF-8"?>
<!-- Generated by org.testng.reporters.JUnitReportReporter -->
<testsuite skipped="0" hostname="Khopi-96" name="testNG.ParameteraizationExample" tests="1" failures="0" timestamp="2020-01-18T11:48:23 IST" time="0.010" errors="0">
  <testcase name="printName" time="0.010" classname="testNG.ParameteraizationExample"/>
</testsuite> <!-- testNG.ParameteraizationExample -->
