<?xml version="1.0" encoding="UTF-8"?>
<!-- Generated by org.testng.reporters.JUnitReportReporter -->
<testsuite skipped="0" hostname="Khopi-96" name="testNG.Drive_a_car" tests="5" failures="0" timestamp="2020-01-18T03:49:36 IST" time="0.007" errors="0">
  <testcase name="startCar" time="0.002" classname="testNG.Drive_a_car"/>
  <testcase name="putFirstGear" time="0.001" classname="testNG.Drive_a_car"/>
  <testcase name="putSecondGearr" time="0.002" classname="testNG.Drive_a_car"/>
  <testcase name="putThirdGear" time="0.001" classname="testNG.Drive_a_car"/>
  <testcase name="putFourthGear" time="0.001" classname="testNG.Drive_a_car"/>
</testsuite> <!-- testNG.Drive_a_car -->
