<?xml version="1.0" encoding="UTF-8"?>
<!-- Generated by org.testng.reporters.JUnitReportReporter -->
<testsuite skipped="0" hostname="Khopi-96" name="testNG.AssertionsExample" tests="1" failures="0" timestamp="2020-01-18T13:16:36 IST" time="0.008" errors="0">
  <testcase name="checkEqual" time="0.008" classname="testNG.AssertionsExample"/>
</testsuite> <!-- testNG.AssertionsExample -->
