<?xml version="1.0" encoding="UTF-8"?>
<!-- Generated by org.testng.reporters.JUnitReportReporter -->
<testsuite skipped="0" hostname="Khopi-96" name="testNG.DependanciesManagement" tests="3" failures="0" timestamp="2020-01-18T03:49:36 IST" time="0.013" errors="0">
  <testcase name="engineering" time="0.001" classname="testNG.DependanciesManagement"/>
  <testcase name="higherSecSchool" time="0.001" classname="testNG.DependanciesManagement"/>
  <testcase name="highSchool" time="0.011" classname="testNG.DependanciesManagement"/>
</testsuite> <!-- testNG.DependanciesManagement -->
