<?xml version="1.0" encoding="UTF-8"?>
<!-- Generated by org.testng.reporters.JUnitReportReporter -->
<testsuite skipped="0" hostname="Khopi-96" name="testNG.Skip_a_testCase" tests="6" failures="0" timestamp="2020-01-18T03:49:36 IST" time="0.006" errors="0">
  <testcase name="startCar" time="0.002" classname="testNG.Skip_a_testCase"/>
  <testcase name="putFirstGear" time="0.001" classname="testNG.Skip_a_testCase"/>
  <testcase name="putSecondGearr" time="0.001" classname="testNG.Skip_a_testCase"/>
  <testcase name="putThirdGear" time="0.001" classname="testNG.Skip_a_testCase"/>
  <testcase name="putFourthGear" time="0.001" classname="testNG.Skip_a_testCase"/>
  <testcase name="musicOn" time="0.000" classname="testNG.Skip_a_testCase"/>
</testsuite> <!-- testNG.Skip_a_testCase -->
