<?xml version="1.0" encoding="UTF-8"?>
<!-- Generated by org.testng.reporters.JUnitReportReporter -->
<testsuite skipped="0" hostname="Khopi-96" name="testNG.AnnotationHierachyExample" tests="2" failures="0" timestamp="2020-01-18T14:03:53 IST" time="0.010" errors="0">
  <testcase name="test2" time="0.003" classname="testNG.AnnotationHierachyExample"/>
  <testcase name="test" time="0.007" classname="testNG.AnnotationHierachyExample"/>
</testsuite> <!-- testNG.AnnotationHierachyExample -->
